app/build/intermediates/manifest_merge_blame_file/debug/manifest-merger-blame-debug-report.txt
1<?xml version="1.0" encoding="utf-8"?>
2<manifest xmlns:android="http://schemas.android.com/apk/res/android"
3    package="com.arielado.jogodamemoria"
4    android:versionCode="1"
5    android:versionName="1.0" >
6
7    <uses-sdk
8        android:minSdkVersion="16"
8-->src\main\AndroidManifest.xml
9        android:targetSdkVersion="30" />
9-->src\main\AndroidManifest.xml
10
11    <application
11-->src\main\AndroidManifest.xml:7:5-55:19
12        android:allowBackup="true"
12-->src\main\AndroidManifest.xml:8:9-35
13        android:appComponentFactory="android.support.v4.app.CoreComponentFactory"
13-->[com.android.support:support-compat:28.0.0] AndroidManifest.xml:22:18-91
14        android:debuggable="true"
15        android:icon="@drawable/ic_launcher"
15-->src\main\AndroidManifest.xml:9:9-45
16        android:label="@string/app_name"
16-->src\main\AndroidManifest.xml:10:9-41
17        android:testOnly="true"
18        android:theme="@style/AppTheme" >
18-->src\main\AndroidManifest.xml:11:9-40
19        <activity
19-->src\main\AndroidManifest.xml:12:9-19:20
20            android:name="com.arielado.jogodamemoria.MainActivity"
20-->src\main\AndroidManifest.xml:13:13-41
21            android:label="@string/app_name" >
21-->src\main\AndroidManifest.xml:14:13-45
22            <intent-filter>
22-->src\main\AndroidManifest.xml:15:13-18:29
23                <action android:name="android.intent.action.MAIN" />
23-->src\main\AndroidManifest.xml:16:17-69
23-->src\main\AndroidManifest.xml:16:25-66
24
25                <category android:name="android.intent.category.LAUNCHER" />
25-->src\main\AndroidManifest.xml:17:17-77
25-->src\main\AndroidManifest.xml:17:27-74
26            </intent-filter>
27        </activity>
28        <activity
28-->src\main\AndroidManifest.xml:21:9-36:20
29            android:name="com.arielado.jogodamemoria.Banco"
29-->src\main\AndroidManifest.xml:22:13-34
30            android:label="@string/app_name"
30-->src\main\AndroidManifest.xml:23:13-45
31            android:parentActivityName="com.arielado.jogodamemoria.MainActivity" >
31-->src\main\AndroidManifest.xml:24:13-55
32            <meta-data
32-->src\main\AndroidManifest.xml:25:13-27:48
33                android:name="android.support.PARENT_ACTIVITY"
33-->src\main\AndroidManifest.xml:26:17-63
34                android:value=".MainActivity" />
34-->src\main\AndroidManifest.xml:27:17-46
35
36            <intent-filter>
36-->src\main\AndroidManifest.xml:28:13-31:29
37                <action android:name="android.intent.action.SEND" />
37-->src\main\AndroidManifest.xml:29:17-69
37-->src\main\AndroidManifest.xml:29:25-66
38
39                <category android:name="android.intent.category.DEFAULT" />
39-->src\main\AndroidManifest.xml:30:17-76
39-->src\main\AndroidManifest.xml:30:27-73
40            </intent-filter>
41            <intent-filter>
41-->src\main\AndroidManifest.xml:32:14-35:29
42                <action android:name="android.intent.action.SENDTO" />
42-->src\main\AndroidManifest.xml:33:17-71
42-->src\main\AndroidManifest.xml:33:25-68
43
44                <category android:name="android.intent.category.DEFAULT" />
44-->src\main\AndroidManifest.xml:30:17-76
44-->src\main\AndroidManifest.xml:30:27-73
45            </intent-filter>
46        </activity>
47        <activity
47-->src\main\AndroidManifest.xml:38:9-53:20
48            android:name="com.arielado.jogodamemoria.GameActivity"
48-->src\main\AndroidManifest.xml:39:13-41
49            android:label="@string/app_name"
49-->src\main\AndroidManifest.xml:40:13-45
50            android:parentActivityName="com.arielado.jogodamemoria.MainActivity" >
50-->src\main\AndroidManifest.xml:41:13-55
51            <meta-data
51-->src\main\AndroidManifest.xml:25:13-27:48
52                android:name="android.support.PARENT_ACTIVITY"
52-->src\main\AndroidManifest.xml:26:17-63
53                android:value=".MainActivity" />
53-->src\main\AndroidManifest.xml:27:17-46
54
55            <intent-filter>
55-->src\main\AndroidManifest.xml:28:13-31:29
56                <action android:name="android.intent.action.SEND" />
56-->src\main\AndroidManifest.xml:29:17-69
56-->src\main\AndroidManifest.xml:29:25-66
57
58                <category android:name="android.intent.category.DEFAULT" />
58-->src\main\AndroidManifest.xml:30:17-76
58-->src\main\AndroidManifest.xml:30:27-73
59            </intent-filter>
60            <intent-filter>
60-->src\main\AndroidManifest.xml:32:14-35:29
61                <action android:name="android.intent.action.SENDTO" />
61-->src\main\AndroidManifest.xml:33:17-71
61-->src\main\AndroidManifest.xml:33:25-68
62
63                <category android:name="android.intent.category.DEFAULT" />
63-->src\main\AndroidManifest.xml:30:17-76
63-->src\main\AndroidManifest.xml:30:27-73
64            </intent-filter>
65        </activity>
66    </application>
67
68</manifest>